<?xml version="1.0" encoding="UTF-8"?>
<!-- Generated by org.testng.reporters.JUnitReportReporter -->
<testsuite hostname="LAPTOP-AFO4I6I2" failures="0" tests="2" name="importants.Dataprovider_testng" time="21.198" errors="0" timestamp="2022-06-28T16:02:00 IST" skipped="0">
  <testcase classname="importants.Dataprovider_testng" name="login" time="10.211"/>
  <system-out/>
  <testcase classname="importants.Dataprovider_testng" name="login" time="10.987"/>
  <system-out/>
</testsuite> <!-- importants.Dataprovider_testng -->
