<?xml version="1.0" encoding="UTF-8"?>
<!-- Generated by org.testng.reporters.JUnitReportReporter -->
<testsuite hostname="LAPTOP-AFO4I6I2" failures="0" tests="1" name="importants.Assertj" time="0.064" errors="0" timestamp="2022-07-02T09:43:15 IST" skipped="0">
  <testcase classname="importants.Assertj" name="string_test" time="0.064"/>
  <system-out/>
</testsuite> <!-- importants.Assertj -->
