<?xml version="1.0" encoding="UTF-8"?>
<!-- Generated by org.testng.reporters.JUnitReportReporter -->
<testsuite hostname="LAPTOP-AFO4I6I2" failures="0" tests="1" name="importants.get_text_from_2nd_tab" time="19.452" errors="0" timestamp="2022-06-01T10:59:55 IST" skipped="0">
  <testcase classname="importants.get_text_from_2nd_tab" name="GetTextFromWindow" time="19.452"/>
  <system-out/>
</testsuite> <!-- importants.get_text_from_2nd_tab -->
