<?xml version="1.0" encoding="UTF-8"?>
<!-- Generated by org.testng.reporters.JUnitReportReporter -->
<testsuite hostname="LAPTOP-AFO4I6I2" failures="0" tests="1" name="importants.waits" time="34.984" errors="0" timestamp="2022-06-28T18:12:29 IST" skipped="0">
  <testcase classname="importants.waits" name="Fluetwait" time="34.984"/>
  <system-out/>
</testsuite> <!-- importants.waits -->
