<?xml version="1.0" encoding="UTF-8"?>
<!-- Generated by org.testng.reporters.JUnitReportReporter -->
<testsuite hostname="LAPTOP-AFO4I6I2" failures="0" tests="1" name="importants.FindElements_List" time="0.377" errors="0" timestamp="2022-04-12T18:26:33 IST" skipped="0">
  <testcase classname="importants.FindElements_List" name="Element_List" time="0.377"/>
  <system-out/>
</testsuite> <!-- importants.FindElements_List -->
