<?xml version="1.0" encoding="UTF-8"?>
<!-- Generated by org.testng.reporters.JUnitReportReporter -->
<testsuite hostname="DESKTOP-ICAQBQ9" failures="0" tests="1" name="importants.FindElements_List" time="0.943" errors="0" timestamp="2021-10-29T10:39:54 IST" skipped="0">
  <testcase classname="importants.FindElements_List" name="Element_List" time="0.943"/>
  <system-out/>
</testsuite> <!-- importants.FindElements_List -->
