<?xml version="1.0" encoding="UTF-8"?>
<!-- Generated by org.testng.reporters.JUnitReportReporter -->
<testsuite hostname="LAPTOP-AFO4I6I2" failures="0" tests="1" name="importants.Dynamic_table_handling" time="5.371" errors="0" timestamp="2022-10-07T11:59:55 IST" skipped="0">
  <testcase classname="importants.Dynamic_table_handling" name="Dymaic_table" time="5.371"/>
  <system-out/>
</testsuite> <!-- importants.Dynamic_table_handling -->
