<?xml version="1.0" encoding="UTF-8"?>
<!-- Generated by org.testng.reporters.JUnitReportReporter -->
<testsuite hostname="LAPTOP-AFO4I6I2" failures="0" tests="1" name="importants.Change_browser_dimensions" time="11.885" errors="0" timestamp="2022-07-23T07:36:44 IST" skipped="0">
  <testcase classname="importants.Change_browser_dimensions" name="Browser" time="11.885"/>
  <system-out/>
</testsuite> <!-- importants.Change_browser_dimensions -->
